<?xml version="1.0" encoding="UTF-8" ?>
<testsuite tests="3" failures="0" name="com.crm.qa.testcases.LoginPageTest" time="0.332" errors="0" skipped="0">
  <properties>
    <property name="java.vendor" value="Oracle Corporation"/>
    <property name="JOB_NAME" value="FreeCrmTestJob"/>
    <property name="sun.java.launcher" value="SUN_STANDARD"/>
    <property name="NUMBER_OF_PROCESSORS" value="8"/>
    <property name="sun.management.compiler" value="HotSpot 64-Bit Tiered Compilers"/>
    <property name="JENKINS_HOME" value="C:\Users\Karthik\.jenkins"/>
    <property name="HUDSON_SERVER_COOKIE" value="0620dd2691b6a209"/>
    <property name="POM_ARTIFACTID" value="FreeCrmTest"/>
    <property name="os.name" value="Windows 10"/>
    <property name="sun.boot.class.path" value="C:\Program Files\Java\jdk1.8.0_201\jre\lib\resources.jar;C:\Program Files\Java\jdk1.8.0_201\jre\lib\rt.jar;C:\Program Files\Java\jdk1.8.0_201\jre\lib\sunrsasign.jar;C:\Program Files\Java\jdk1.8.0_201\jre\lib\jsse.jar;C:\Program Files\Java\jdk1.8.0_201\jre\lib\jce.jar;C:\Program Files\Java\jdk1.8.0_201\jre\lib\charsets.jar;C:\Program Files\Java\jdk1.8.0_201\jre\lib\jfr.jar;C:\Program Files\Java\jdk1.8.0_201\jre\classes"/>
    <property name="EXECUTOR_NUMBER" value="1"/>
    <property name="sun.desktop" value="windows"/>
    <property name="PATHEXT" value=".COM;.EXE;.BAT;.CMD;.VBS;.VBE;.JS;.JSE;.WSF;.WSH;.MSC"/>
    <property name="java.vm.specification.vendor" value="Oracle Corporation"/>
    <property name="POM_DISPLAYNAME" value="FreeCrmTest"/>
    <property name="NODE_LABELS" value="master"/>
    <property name="TEMP" value="C:\Users\Karthik\AppData\Local\Temp"/>
    <property name="java.runtime.version" value="1.8.0_201-b09"/>
    <property name="user.name" value="Karthik"/>
    <property name="guice.disable.misplaced.annotation.check" value="true"/>
    <property name="CommonProgramW6432" value="C:\Program Files\Common Files"/>
    <property name="ProgramFiles" value="C:\Program Files"/>
    <property name="PROMPT" value="$P$G"/>
    <property name="user.language" value="en"/>
    <property name="JOB_BASE_NAME" value="FreeCrmTestJob"/>
    <property name="RUN_CHANGES_DISPLAY_URL" value="http://localhost:8080/job/FreeCrmTestJob/21/display/redirect?page=changes"/>
    <property name="BUILD_DISPLAY_NAME" value="#21"/>
    <property name="OneDrive" value="C:\Users\Karthik\OneDrive"/>
    <property name="sun.boot.library.path" value="C:\Program Files\Java\jdk1.8.0_201\jre\bin"/>
    <property name="LOCALAPPDATA" value="C:\Users\Karthik\AppData\Local"/>
    <property name="java.version" value="1.8.0_201"/>
    <property name="PROCESSOR_LEVEL" value="6"/>
    <property name="user.timezone" value="America/Chicago"/>
    <property name="USERNAME" value="Karthik"/>
    <property name="GOPATH" value="C:\Users\Karthik\goworkspace"/>
    <property name="sun.arch.data.model" value="64"/>
    <property name="NODE_NAME" value="master"/>
    <property name="OneDriveConsumer" value="C:\Users\Karthik\OneDrive"/>
    <property name="java.endorsed.dirs" value="C:\Program Files\Java\jdk1.8.0_201\jre\lib\endorsed"/>
    <property name="BUILD_ID" value="21"/>
    <property name="sun.cpu.isalist" value="amd64"/>
    <property name="sun.jnu.encoding" value="Cp1252"/>
    <property name="file.encoding.pkg" value="sun.io"/>
    <property name="file.separator" value="\"/>
    <property name="java.specification.name" value="Java Platform API Specification"/>
    <property name="HOMEDRIVE" value="C:"/>
    <property name="maven.conf" value="C:\Users\Karthik\.jenkins\tools\hudson.tasks.Maven_MavenInstallation\testMaven\conf"/>
    <property name="java.class.version" value="52.0"/>
    <property name="=::" value="::\"/>
    <property name="org.slf4j.simpleLogger.defaultLogLevel" value="info"/>
    <property name="user.country" value="US"/>
    <property name="ALLUSERSPROFILE" value="C:\ProgramData"/>
    <property name="java.home" value="C:\Program Files\Java\jdk1.8.0_201\jre"/>
    <property name="java.vm.info" value="mixed mode"/>
    <property name="os.version" value="10.0"/>
    <property name="=ExitCode" value="00000001"/>
    <property name="RUN_DISPLAY_URL" value="http://localhost:8080/job/FreeCrmTestJob/21/display/redirect"/>
    <property name="POM_VERSION" value="0.0.1-SNAPSHOT"/>
    <property name="TMP" value="C:\Users\Karthik\AppData\Local\Temp"/>
    <property name="path.separator" value=";"/>
    <property name="java.vm.version" value="25.201-b09"/>
    <property name="user.variant" value=""/>
    <property name="JOB_DISPLAY_URL" value="http://localhost:8080/job/FreeCrmTestJob/display/redirect"/>
    <property name="CommonProgramFiles(x86)" value="C:\Program Files (x86)\Common Files"/>
    <property name="USERDOMAIN_ROAMINGPROFILE" value="KARTHIK-PC"/>
    <property name="java.awt.printerjob" value="sun.awt.windows.WPrinterJob"/>
    <property name="FP_NO_HOST_CHECK" value="NO"/>
    <property name="JAVA_HOME" value="C:\Program Files\Java\jdk1.8.0_201"/>
    <property name="sun.io.unicode.encoding" value="UnicodeLittle"/>
    <property name="CommonProgramFiles" value="C:\Program Files\Common Files"/>
    <property name="ComSpec" value="C:\WINDOWS\system32\cmd.exe"/>
    <property name="awt.toolkit" value="sun.awt.windows.WToolkit"/>
    <property name="HOMEPATH" value="\Users\Karthik"/>
    <property name="POM_PACKAGING" value="jar"/>
    <property name="user.script" value=""/>
    <property name="COMPUTERNAME" value="KARTHIK-PC"/>
    <property name="POM_GROUPID" value="freeCrmTestAutomation"/>
    <property name="user.home" value="C:\Users\Karthik"/>
    <property name="PUBLIC" value="C:\Users\Public"/>
    <property name="BUILD_TAG" value="jenkins-FreeCrmTestJob-21"/>
    <property name="JENKINS_SERVER_COOKIE" value="0620dd2691b6a209"/>
    <property name="HUDSON_URL" value="http://localhost:8080/"/>
    <property name="ProgramData" value="C:\ProgramData"/>
    <property name="java.specification.vendor" value="Oracle Corporation"/>
    <property name="USERPROFILE" value="C:\Users\Karthik"/>
    <property name="CLASSPATH" value=""/>
    <property name="java.vendor.url" value="http://java.oracle.com/"/>
    <property name="java.library.path" value="C:\Program Files\Java\jdk1.8.0_201\bin;C:\WINDOWS\Sun\Java\bin;C:\WINDOWS\system32;C:\WINDOWS;C:\Users\Karthik\.jenkins\tools\hudson.tasks.Maven_MavenInstallation\testMaven/bin;C:\Program Files\Broadcom\Broadcom 802.11 Network Adapter;C:\Program Files (x86)\Intel\iCLS Client\;C:\Program Files\Intel\iCLS Client\;C:\WINDOWS\system32;C:\WINDOWS;C:\WINDOWS\System32\Wbem;C:\WINDOWS\System32\WindowsPowerShell\v1.0\;C:\Program Files\Intel\Intel(R) Management Engine Components\DAL;C:\Program Files (x86)\Intel\Intel(R) Management Engine Components\DAL;C:\Program Files\Intel\Intel(R) Management Engine Components\IPT;C:\Program Files (x86)\Intel\Intel(R) Management Engine Components\IPT;C:\WINDOWS\System32\OpenSSH\;C:\Go\bin;C:\Program Files\Git\cmd;C:\Users\Karthik\Downloads\;C:\Go\bin;C:\Program Files\Java\jdk1.8.0_201\bin;C:\Users\Karthik\AppData\Local\Microsoft\WindowsApps;C:\Users\Karthik\goworkspace\bin;C:\Users\Karthik\AppData\Local\GitHubDesktop\bin;C:\Users\Karthik\goworkspace\bin;C:\Users\Karthik\AppData\Local\Programs\Microsoft VS Code\Microsoft VS Code\bin;C:\Program Files\Java\jdk1.8.0_201\bin;;."/>
    <property name="java.vm.vendor" value="Oracle Corporation"/>
    <property name="APPDATA" value="C:\Users\Karthik\AppData\Roaming"/>
    <property name="java.runtime.name" value="Java(TM) SE Runtime Environment"/>
    <property name="maven.home" value="C:\Users\Karthik\.jenkins\tools\hudson.tasks.Maven_MavenInstallation\testMaven"/>
    <property name="java.class.path" value="C:\Users\Karthik\.jenkins\plugins\maven-plugin\WEB-INF\lib\maven35-agent-1.12.jar;C:\Users\Karthik\.jenkins\tools\hudson.tasks.Maven_MavenInstallation\testMaven\boot\plexus-classworlds-2.5.2.jar;C:\Users\Karthik\.jenkins\tools\hudson.tasks.Maven_MavenInstallation\testMaven/conf/logging"/>
    <property name="sun.java.command" value="jenkins.maven3.agent.Maven35Main C:\Users\Karthik\.jenkins\tools\hudson.tasks.Maven_MavenInstallation\testMaven C:\Users\Karthik\.jenkins\war\WEB-INF\lib\remoting-3.29.jar C:\Users\Karthik\.jenkins\plugins\maven-plugin\WEB-INF\lib\maven35-interceptor-1.12.jar C:\Users\Karthik\.jenkins\plugins\maven-plugin\WEB-INF\lib\maven3-interceptor-commons-1.12.jar 65210"/>
    <property name="GOROOT" value="C:\Go\"/>
    <property name="Path" value="C:\Program Files\Broadcom\Broadcom 802.11 Network Adapter;C:\Program Files (x86)\Intel\iCLS Client\;C:\Program Files\Intel\iCLS Client\;C:\WINDOWS\system32;C:\WINDOWS;C:\WINDOWS\System32\Wbem;C:\WINDOWS\System32\WindowsPowerShell\v1.0\;C:\Program Files\Intel\Intel(R) Management Engine Components\DAL;C:\Program Files (x86)\Intel\Intel(R) Management Engine Components\DAL;C:\Program Files\Intel\Intel(R) Management Engine Components\IPT;C:\Program Files (x86)\Intel\Intel(R) Management Engine Components\IPT;C:\WINDOWS\System32\OpenSSH\;C:\Go\bin;C:\Program Files\Git\cmd;C:\Users\Karthik\Downloads\;C:\Go\bin;C:\Program Files\Java\jdk1.8.0_201\bin;C:\Users\Karthik\AppData\Local\Microsoft\WindowsApps;C:\Users\Karthik\goworkspace\bin;C:\Users\Karthik\AppData\Local\GitHubDesktop\bin;C:\Users\Karthik\goworkspace\bin;C:\Users\Karthik\AppData\Local\Programs\Microsoft VS Code\Microsoft VS Code\bin;C:\Program Files\Java\jdk1.8.0_201\bin;"/>
    <property name="java.vm.specification.name" value="Java Virtual Machine Specification"/>
    <property name="PROCESSOR_ARCHITECTURE" value="AMD64"/>
    <property name="PROCESSOR_IDENTIFIER" value="Intel64 Family 6 Model 60 Stepping 3, GenuineIntel"/>
    <property name="SESSIONNAME" value="Console"/>
    <property name="java.vm.specification.version" value="1.8"/>
    <property name="sun.os.patch.level" value=""/>
    <property name="sun.cpu.endian" value="little"/>
    <property name="M2_HOME" value="C:\Users\Karthik\.jenkins\tools\hudson.tasks.Maven_MavenInstallation\testMaven"/>
    <property name="java.io.tmpdir" value="C:\Users\Karthik\AppData\Local\Temp\"/>
    <property name="OS" value="Windows_NT"/>
    <property name="HUDSON_HOME" value="C:\Users\Karthik\.jenkins"/>
    <property name="PATH+MAVEN" value="C:\Users\Karthik\.jenkins\tools\hudson.tasks.Maven_MavenInstallation\testMaven/bin"/>
    <property name="ProgramFiles(x86)" value="C:\Program Files (x86)"/>
    <property name="BUILD_URL" value="http://localhost:8080/job/FreeCrmTestJob/21/"/>
    <property name="java.vendor.url.bug" value="http://bugreport.sun.com/bugreport/"/>
    <property name="java.awt.graphicsenv" value="sun.awt.Win32GraphicsEnvironment"/>
    <property name="os.arch" value="amd64"/>
    <property name="SystemRoot" value="C:\WINDOWS"/>
    <property name="java.ext.dirs" value="C:\Program Files\Java\jdk1.8.0_201\jre\lib\ext;C:\WINDOWS\Sun\Java\lib\ext"/>
    <property name="user.dir" value="C:\Users\Karthik\SeleniumNewWorks\Java Basics\FreeCrmTest"/>
    <property name="JOB_URL" value="http://localhost:8080/job/FreeCrmTestJob/"/>
    <property name="LOGONSERVER" value="\\KARTHIK-PC"/>
    <property name="USERDOMAIN" value="KARTHIK-PC"/>
    <property name="line.separator" value="
"/>
    <property name="MAVEN_HOME" value="C:\Users\Karthik\.jenkins\tools\hudson.tasks.Maven_MavenInstallation\testMaven"/>
    <property name="java.vm.name" value="Java HotSpot(TM) 64-Bit Server VM"/>
    <property name="BUILD_NUMBER" value="21"/>
    <property name="JENKINS_URL" value="http://localhost:8080/"/>
    <property name="PROCESSOR_REVISION" value="3c03"/>
    <property name="ProgramW6432" value="C:\Program Files"/>
    <property name="windir" value="C:\WINDOWS"/>
    <property name="=C:" value="C:\Users\Karthik\Documents\Jenkins"/>
    <property name="file.encoding" value="Cp1252"/>
    <property name="SystemDrive" value="C:"/>
    <property name="maven3.interceptor" value="C:\Users\Karthik\.jenkins\plugins\maven-plugin\WEB-INF\lib\maven35-interceptor-1.12.jar"/>
    <property name="WORKSPACE" value="C:\Users\Karthik\.jenkins\workspace\FreeCrmTestJob"/>
    <property name="maven3.interceptor.common" value="C:\Users\Karthik\.jenkins\plugins\maven-plugin\WEB-INF\lib\maven3-interceptor-commons-1.12.jar"/>
    <property name="java.specification.version" value="1.8"/>
    <property name="PSModulePath" value="C:\WINDOWS\system32\WindowsPowerShell\v1.0\Modules\"/>
    <property name="DriverData" value="C:\Windows\System32\Drivers\DriverData"/>
  </properties>
  <testcase classname="com.crm.qa.testcases.LoginPageTest" name="loginPageTitleTest" time="0.008"/>
  <testcase classname="com.crm.qa.testcases.LoginPageTest" name="loginPageLogoTest" time="0.074"/>
  <testcase classname="com.crm.qa.testcases.LoginPageTest" name="loginTest" time="0.25"/>
</testsuite>