<?xml version="1.0" encoding="UTF-8"?>
<!-- Generated by org.testng.reporters.JUnitReportReporter -->
<testsuite skipped="0" hostname="Karthik-PC" name="com.crm.qa.testcases.LoginPageTest" tests="3" failures="0" timestamp="08 Apr 2019 08:30:07 GMT" time="38.671" errors="0">
  <testcase name="loginPageTitleTest" time="11.939" classname="com.crm.qa.testcases.LoginPageTest"/>
  <testcase name="loginPageLogoTest" time="9.166" classname="com.crm.qa.testcases.LoginPageTest"/>
  <testcase name="loginTest" time="17.566" classname="com.crm.qa.testcases.LoginPageTest"/>
</testsuite> <!-- com.crm.qa.testcases.LoginPageTest -->
